sample.interval=20000
".Call" ".rs.enqueClientEvent" "hook" "Rprof" 
"FUN" "lapply" "summaryRprof" 
"unique.default" "FUN" "lapply" "summaryRprof" 
"print.default" "print" "print.data.frame" "<Anonymous>" 
".External" "grDevices:::png" "doTryCatch" "tryCatchOne" "tryCatchList" "tryCatch" "base::try" 
".Call" "doTryCatch" "tryCatchOne" "tryCatchList" "tryCatch" ".rs.GEplayDisplayList" 
".Call" "doTryCatch" "tryCatchOne" "tryCatchList" "tryCatch" ".rs.GEplayDisplayList" 
"save" ".rs.saveGraphics" 
".Call" "doTryCatch" "tryCatchOne" "tryCatchList" "tryCatch" ".rs.GEcopyDisplayList" 
".Call" "doTryCatch" "tryCatchOne" "tryCatchList" "tryCatch" ".rs.GEcopyDisplayList" 
".Call" "doTryCatch" "tryCatchOne" "tryCatchList" "tryCatch" ".rs.GEcopyDisplayList" 
".Call" "doTryCatch" "tryCatchOne" "tryCatchList" "tryCatch" ".rs.GEcopyDisplayList" 
".Call" "doTryCatch" "tryCatchOne" "tryCatchList" "tryCatch" ".rs.GEcopyDisplayList" 
".Call" "doTryCatch" "tryCatchOne" "tryCatchList" "tryCatch" ".rs.GEcopyDisplayList" 
".External" "grDevices:::png" "doTryCatch" "tryCatchOne" "tryCatchList" "tryCatch" "base::try" 
".Call" "doTryCatch" "tryCatchOne" "tryCatchList" "tryCatch" ".rs.GEcopyDisplayList" 
".Call" "doTryCatch" "tryCatchOne" "tryCatchList" "tryCatch" ".rs.GEcopyDisplayList" 
".Call" "doTryCatch" "tryCatchOne" "tryCatchList" "tryCatch" ".rs.GEcopyDisplayList" 
"doTryCatch" "tryCatchOne" "tryCatchList" "tryCatch" "base::try" 
".External" "png" "doTryCatch" "tryCatchOne" "tryCatchList" "tryCatch" "base::try" 
".External" "png" "doTryCatch" "tryCatchOne" "tryCatchList" "tryCatch" "base::try" 
".Call" "doTryCatch" "tryCatchOne" "tryCatchList" "tryCatch" ".rs.GEcopyDisplayList" 
".Call" "doTryCatch" "tryCatchOne" "tryCatchList" "tryCatch" ".rs.GEcopyDisplayList" 
".Call" "doTryCatch" "tryCatchOne" "tryCatchList" "tryCatch" ".rs.GEcopyDisplayList" 
".External" "dev.off" 
".External" "dev.off" 
".External" "dev.off" 
".External" "dev.off" 
".External" "dev.off" 
".External" "dev.off" 
".External" "dev.off" 
".deparseOpts" "deparse" "value[[3]]" "tryCatchOne" "tryCatchList" "tryCatch" "base::try" "withCallingHandlers" "base::suppressWarnings" 
".External2" "plot.new" "PLOT_SS_MCMC_GRID" 
".External2" "plot.new" "PLOT_SS_MCMC_GRID" 
".External2" "plot.new" "PLOT_SS_MCMC_GRID" 
".External2" "plot.new" "PLOT_SS_MCMC_GRID" 
".External2" "plot.new" "plotts" "plot.ts" "PLOT_SS_MCMC_GRID" 
".External2" "plot.new" "plotts" "plot.ts" "PLOT_SS_MCMC_GRID" 
"plot.xy" "lines.default" "lines" "PLOT_SS_MCMC_GRID" 
"plot.xy" "lines.default" "lines" "PLOT_SS_MCMC_GRID" 
"plot.xy" "lines.default" "lines" "PLOT_SS_MCMC_GRID" 
"plot.xy" "plot.default" "plot" "PLOT_SS_MCMC_GRID" 
"title" "localTitle" "plot.default" "plot" "PLOT_SS_MCMC_GRID" 
"getOption" "model.frame.default" "stats::model.frame" "eval" "eval" "lm" "spectrum0.ar" "effectiveSize" "data.frame" "PLOT_SS_MCMC_GRID" 
"save" ".rs.saveGraphics" 
".Call" "doTryCatch" "tryCatchOne" "tryCatchList" "tryCatch" ".rs.GEcopyDisplayList" 
".Call" "doTryCatch" "tryCatchOne" "tryCatchList" "tryCatch" ".rs.GEcopyDisplayList" 
".Call" "doTryCatch" "tryCatchOne" "tryCatchList" "tryCatch" ".rs.GEcopyDisplayList" 
".Call" "doTryCatch" "tryCatchOne" "tryCatchList" "tryCatch" ".rs.GEcopyDisplayList" 
".Call" "doTryCatch" "tryCatchOne" "tryCatchList" "tryCatch" ".rs.GEcopyDisplayList" 
".Call" "doTryCatch" "tryCatchOne" "tryCatchList" "tryCatch" ".rs.GEcopyDisplayList" 
".Call" "doTryCatch" "tryCatchOne" "tryCatchList" "tryCatch" ".rs.GEcopyDisplayList" 
".Call" "doTryCatch" "tryCatchOne" "tryCatchList" "tryCatch" ".rs.GEcopyDisplayList" 
".External" "grDevices:::png" "doTryCatch" "tryCatchOne" "tryCatchList" "tryCatch" "base::try" 
".Call" "doTryCatch" "tryCatchOne" "tryCatchList" "tryCatch" ".rs.GEcopyDisplayList" 
".Call" "doTryCatch" "tryCatchOne" "tryCatchList" "tryCatch" ".rs.GEcopyDisplayList" 
".Call" "doTryCatch" "tryCatchOne" "tryCatchList" "tryCatch" ".rs.GEcopyDisplayList" 
".Call" "doTryCatch" "tryCatchOne" "tryCatchList" "tryCatch" ".rs.GEcopyDisplayList" 
".External" "png" "doTryCatch" "tryCatchOne" "tryCatchList" "tryCatch" "base::try" 
".Call" "doTryCatch" "tryCatchOne" "tryCatchList" "tryCatch" ".rs.GEcopyDisplayList" 
".Call" "doTryCatch" "tryCatchOne" "tryCatchList" "tryCatch" ".rs.GEcopyDisplayList" 
".Call" "doTryCatch" "tryCatchOne" "tryCatchList" "tryCatch" ".rs.GEcopyDisplayList" 
".Call" "doTryCatch" "tryCatchOne" "tryCatchList" "tryCatch" ".rs.GEcopyDisplayList" 
".External" "dev.off" 
".External" "dev.off" 
".External" "dev.off" 
".External" "dev.off" 
".External" "dev.off" 
".External" "dev.off" 
".External" "dev.off" 
".External" "dev.off" 
"ls" "FUN" "lapply" ".rs.objectsOnSearchPath" ".rs.getCompletionsSearchPath" "Reduce" ".rs.rpc.get_completions" 
